C:\USERS\FLOODB\DESKTOP\WEEK 2\GAM1532 TEMPLATE GAME\SOURCE\WINDOWS\APPLICATION\GAM-1532 WINDOWS GAME.EXE
C:\USERS\FLOODB\DESKTOP\WEEK 2\GAM1532 TEMPLATE GAME\SOURCE\WINDOWS\APPLICATION\GAM-1532 WINDOWS GAME.ILK
C:\USERS\FLOODB\DESKTOP\WEEK 2\GAM1532 TEMPLATE GAME\SOURCE\WINDOWS\APPLICATION\GAM-1532 WINDOWS GAME.PDB
C:\USERS\FLOODB\DESKTOP\WEEK 2\GAM1532 TEMPLATE GAME\SOURCE\WINDOWS\BUILD FILES\DEBUG\ADLER32.OBJ
C:\USERS\FLOODB\DESKTOP\WEEK 2\GAM1532 TEMPLATE GAME\SOURCE\WINDOWS\BUILD FILES\DEBUG\BALL.OBJ
C:\USERS\FLOODB\DESKTOP\WEEK 2\GAM1532 TEMPLATE GAME\SOURCE\WINDOWS\BUILD FILES\DEBUG\COMPRESS.OBJ
C:\USERS\FLOODB\DESKTOP\WEEK 2\GAM1532 TEMPLATE GAME\SOURCE\WINDOWS\BUILD FILES\DEBUG\CRC32.OBJ
C:\USERS\FLOODB\DESKTOP\WEEK 2\GAM1532 TEMPLATE GAME\SOURCE\WINDOWS\BUILD FILES\DEBUG\DEFLATE.OBJ
C:\USERS\FLOODB\DESKTOP\WEEK 2\GAM1532 TEMPLATE GAME\SOURCE\WINDOWS\BUILD FILES\DEBUG\GAM-1532 WINDOWS GAME.EXE.EMBED.MANIFEST
C:\USERS\FLOODB\DESKTOP\WEEK 2\GAM1532 TEMPLATE GAME\SOURCE\WINDOWS\BUILD FILES\DEBUG\GAM-1532 WINDOWS GAME.EXE.EMBED.MANIFEST.RES
C:\USERS\FLOODB\DESKTOP\WEEK 2\GAM1532 TEMPLATE GAME\SOURCE\WINDOWS\BUILD FILES\DEBUG\GAM-1532 WINDOWS GAME.EXE.INTERMEDIATE.MANIFEST
C:\USERS\FLOODB\DESKTOP\WEEK 2\GAM1532 TEMPLATE GAME\SOURCE\WINDOWS\BUILD FILES\DEBUG\GAME.OBJ
C:\USERS\FLOODB\DESKTOP\WEEK 2\GAM1532 TEMPLATE GAME\SOURCE\WINDOWS\BUILD FILES\DEBUG\GAMECONSTANTS.OBJ
C:\USERS\FLOODB\DESKTOP\WEEK 2\GAM1532 TEMPLATE GAME\SOURCE\WINDOWS\BUILD FILES\DEBUG\GAMEOBJECT.OBJ
C:\USERS\FLOODB\DESKTOP\WEEK 2\GAM1532 TEMPLATE GAME\SOURCE\WINDOWS\BUILD FILES\DEBUG\GZCLOSE.OBJ
C:\USERS\FLOODB\DESKTOP\WEEK 2\GAM1532 TEMPLATE GAME\SOURCE\WINDOWS\BUILD FILES\DEBUG\GZLIB.OBJ
C:\USERS\FLOODB\DESKTOP\WEEK 2\GAM1532 TEMPLATE GAME\SOURCE\WINDOWS\BUILD FILES\DEBUG\GZREAD.OBJ
C:\USERS\FLOODB\DESKTOP\WEEK 2\GAM1532 TEMPLATE GAME\SOURCE\WINDOWS\BUILD FILES\DEBUG\GZWRITE.OBJ
C:\USERS\FLOODB\DESKTOP\WEEK 2\GAM1532 TEMPLATE GAME\SOURCE\WINDOWS\BUILD FILES\DEBUG\INFBACK.OBJ
C:\USERS\FLOODB\DESKTOP\WEEK 2\GAM1532 TEMPLATE GAME\SOURCE\WINDOWS\BUILD FILES\DEBUG\INFFAST.OBJ
C:\USERS\FLOODB\DESKTOP\WEEK 2\GAM1532 TEMPLATE GAME\SOURCE\WINDOWS\BUILD FILES\DEBUG\INFLATE.OBJ
C:\USERS\FLOODB\DESKTOP\WEEK 2\GAM1532 TEMPLATE GAME\SOURCE\WINDOWS\BUILD FILES\DEBUG\INFTREES.OBJ
C:\USERS\FLOODB\DESKTOP\WEEK 2\GAM1532 TEMPLATE GAME\SOURCE\WINDOWS\BUILD FILES\DEBUG\INPUTCONSTANTS.OBJ
C:\USERS\FLOODB\DESKTOP\WEEK 2\GAM1532 TEMPLATE GAME\SOURCE\WINDOWS\BUILD FILES\DEBUG\INPUTLISTENER.OBJ
C:\USERS\FLOODB\DESKTOP\WEEK 2\GAM1532 TEMPLATE GAME\SOURCE\WINDOWS\BUILD FILES\DEBUG\INPUTMANAGER.OBJ
C:\USERS\FLOODB\DESKTOP\WEEK 2\GAM1532 TEMPLATE GAME\SOURCE\WINDOWS\BUILD FILES\DEBUG\LOGGER.OBJ
C:\USERS\FLOODB\DESKTOP\WEEK 2\GAM1532 TEMPLATE GAME\SOURCE\WINDOWS\BUILD FILES\DEBUG\MAIN.OBJ
C:\USERS\FLOODB\DESKTOP\WEEK 2\GAM1532 TEMPLATE GAME\SOURCE\WINDOWS\BUILD FILES\DEBUG\MATHUTILS.OBJ
C:\USERS\FLOODB\DESKTOP\WEEK 2\GAM1532 TEMPLATE GAME\SOURCE\WINDOWS\BUILD FILES\DEBUG\OPENGLANIMATEDTEXTURE.OBJ
C:\USERS\FLOODB\DESKTOP\WEEK 2\GAM1532 TEMPLATE GAME\SOURCE\WINDOWS\BUILD FILES\DEBUG\OPENGLRENDERER.OBJ
C:\USERS\FLOODB\DESKTOP\WEEK 2\GAM1532 TEMPLATE GAME\SOURCE\WINDOWS\BUILD FILES\DEBUG\OPENGLTEXTURE.OBJ
C:\USERS\FLOODB\DESKTOP\WEEK 2\GAM1532 TEMPLATE GAME\SOURCE\WINDOWS\BUILD FILES\DEBUG\OPENGLTEXTURELOADER.OBJ
C:\USERS\FLOODB\DESKTOP\WEEK 2\GAM1532 TEMPLATE GAME\SOURCE\WINDOWS\BUILD FILES\DEBUG\OPENGLTEXTUREMANAGER.OBJ
C:\USERS\FLOODB\DESKTOP\WEEK 2\GAM1532 TEMPLATE GAME\SOURCE\WINDOWS\BUILD FILES\DEBUG\OPENGLWINDOW.OBJ
C:\USERS\FLOODB\DESKTOP\WEEK 2\GAM1532 TEMPLATE GAME\SOURCE\WINDOWS\BUILD FILES\DEBUG\PADDLE.OBJ
C:\USERS\FLOODB\DESKTOP\WEEK 2\GAM1532 TEMPLATE GAME\SOURCE\WINDOWS\BUILD FILES\DEBUG\PNG.OBJ
C:\USERS\FLOODB\DESKTOP\WEEK 2\GAM1532 TEMPLATE GAME\SOURCE\WINDOWS\BUILD FILES\DEBUG\PNGERROR.OBJ
C:\USERS\FLOODB\DESKTOP\WEEK 2\GAM1532 TEMPLATE GAME\SOURCE\WINDOWS\BUILD FILES\DEBUG\PNGGET.OBJ
C:\USERS\FLOODB\DESKTOP\WEEK 2\GAM1532 TEMPLATE GAME\SOURCE\WINDOWS\BUILD FILES\DEBUG\PNGMEM.OBJ
C:\USERS\FLOODB\DESKTOP\WEEK 2\GAM1532 TEMPLATE GAME\SOURCE\WINDOWS\BUILD FILES\DEBUG\PNGPREAD.OBJ
C:\USERS\FLOODB\DESKTOP\WEEK 2\GAM1532 TEMPLATE GAME\SOURCE\WINDOWS\BUILD FILES\DEBUG\PNGREAD.OBJ
C:\USERS\FLOODB\DESKTOP\WEEK 2\GAM1532 TEMPLATE GAME\SOURCE\WINDOWS\BUILD FILES\DEBUG\PNGRIO.OBJ
C:\USERS\FLOODB\DESKTOP\WEEK 2\GAM1532 TEMPLATE GAME\SOURCE\WINDOWS\BUILD FILES\DEBUG\PNGRTRAN.OBJ
C:\USERS\FLOODB\DESKTOP\WEEK 2\GAM1532 TEMPLATE GAME\SOURCE\WINDOWS\BUILD FILES\DEBUG\PNGRUTIL.OBJ
C:\USERS\FLOODB\DESKTOP\WEEK 2\GAM1532 TEMPLATE GAME\SOURCE\WINDOWS\BUILD FILES\DEBUG\PNGSET.OBJ
C:\USERS\FLOODB\DESKTOP\WEEK 2\GAM1532 TEMPLATE GAME\SOURCE\WINDOWS\BUILD FILES\DEBUG\PNGTEST.OBJ
C:\USERS\FLOODB\DESKTOP\WEEK 2\GAM1532 TEMPLATE GAME\SOURCE\WINDOWS\BUILD FILES\DEBUG\PNGTRANS.OBJ
C:\USERS\FLOODB\DESKTOP\WEEK 2\GAM1532 TEMPLATE GAME\SOURCE\WINDOWS\BUILD FILES\DEBUG\PNGWIO.OBJ
C:\USERS\FLOODB\DESKTOP\WEEK 2\GAM1532 TEMPLATE GAME\SOURCE\WINDOWS\BUILD FILES\DEBUG\PNGWRITE.OBJ
C:\USERS\FLOODB\DESKTOP\WEEK 2\GAM1532 TEMPLATE GAME\SOURCE\WINDOWS\BUILD FILES\DEBUG\PNGWTRAN.OBJ
C:\USERS\FLOODB\DESKTOP\WEEK 2\GAM1532 TEMPLATE GAME\SOURCE\WINDOWS\BUILD FILES\DEBUG\PNGWUTIL.OBJ
C:\USERS\FLOODB\DESKTOP\WEEK 2\GAM1532 TEMPLATE GAME\SOURCE\WINDOWS\BUILD FILES\DEBUG\RESOURCEUTILS.OBJ
C:\USERS\FLOODB\DESKTOP\WEEK 2\GAM1532 TEMPLATE GAME\SOURCE\WINDOWS\BUILD FILES\DEBUG\SCREEN.OBJ
C:\USERS\FLOODB\DESKTOP\WEEK 2\GAM1532 TEMPLATE GAME\SOURCE\WINDOWS\BUILD FILES\DEBUG\SCREENMANAGER.OBJ
C:\USERS\FLOODB\DESKTOP\WEEK 2\GAM1532 TEMPLATE GAME\SOURCE\WINDOWS\BUILD FILES\DEBUG\TREES.OBJ
C:\USERS\FLOODB\DESKTOP\WEEK 2\GAM1532 TEMPLATE GAME\SOURCE\WINDOWS\BUILD FILES\DEBUG\UNCOMPR.OBJ
C:\USERS\FLOODB\DESKTOP\WEEK 2\GAM1532 TEMPLATE GAME\SOURCE\WINDOWS\BUILD FILES\DEBUG\VC100.PDB
C:\USERS\FLOODB\DESKTOP\WEEK 2\GAM1532 TEMPLATE GAME\SOURCE\WINDOWS\BUILD FILES\DEBUG\WIN32CONSTANTS.OBJ
C:\USERS\FLOODB\DESKTOP\WEEK 2\GAM1532 TEMPLATE GAME\SOURCE\WINDOWS\BUILD FILES\DEBUG\WIN32GAME.OBJ
C:\USERS\FLOODB\DESKTOP\WEEK 2\GAM1532 TEMPLATE GAME\SOURCE\WINDOWS\BUILD FILES\DEBUG\ZUTIL.OBJ
C:\USERS\FLOODB\DESKTOP\WEEK 3\GAM1532 TEMPLATE GAME\SOURCE\WINDOWS\APPLICATION\GAM-1532 WINDOWS GAME.EXE
C:\USERS\FLOODB\DESKTOP\WEEK 3\GAM1532 TEMPLATE GAME\SOURCE\WINDOWS\APPLICATION\GAM-1532 WINDOWS GAME.ILK
C:\USERS\FLOODB\DESKTOP\WEEK 3\GAM1532 TEMPLATE GAME\SOURCE\WINDOWS\APPLICATION\GAM-1532 WINDOWS GAME.PDB
C:\USERS\FLOODB\DESKTOP\WEEK 3\GAM1532 TEMPLATE GAME\SOURCE\WINDOWS\BUILD FILES\DEBUG\ADLER32.OBJ
C:\USERS\FLOODB\DESKTOP\WEEK 3\GAM1532 TEMPLATE GAME\SOURCE\WINDOWS\BUILD FILES\DEBUG\BALL.OBJ
C:\USERS\FLOODB\DESKTOP\WEEK 3\GAM1532 TEMPLATE GAME\SOURCE\WINDOWS\BUILD FILES\DEBUG\COMPRESS.OBJ
C:\USERS\FLOODB\DESKTOP\WEEK 3\GAM1532 TEMPLATE GAME\SOURCE\WINDOWS\BUILD FILES\DEBUG\CRC32.OBJ
C:\USERS\FLOODB\DESKTOP\WEEK 3\GAM1532 TEMPLATE GAME\SOURCE\WINDOWS\BUILD FILES\DEBUG\DEFLATE.OBJ
C:\USERS\FLOODB\DESKTOP\WEEK 3\GAM1532 TEMPLATE GAME\SOURCE\WINDOWS\BUILD FILES\DEBUG\GAM-1532 WINDOWS GAME.EXE.EMBED.MANIFEST.RES
C:\USERS\FLOODB\DESKTOP\WEEK 3\GAM1532 TEMPLATE GAME\SOURCE\WINDOWS\BUILD FILES\DEBUG\GAM-1532 WINDOWS GAME.EXE.INTERMEDIATE.MANIFEST
C:\USERS\FLOODB\DESKTOP\WEEK 3\GAM1532 TEMPLATE GAME\SOURCE\WINDOWS\BUILD FILES\DEBUG\GAME.OBJ
C:\USERS\FLOODB\DESKTOP\WEEK 3\GAM1532 TEMPLATE GAME\SOURCE\WINDOWS\BUILD FILES\DEBUG\GAMECONSTANTS.OBJ
C:\USERS\FLOODB\DESKTOP\WEEK 3\GAM1532 TEMPLATE GAME\SOURCE\WINDOWS\BUILD FILES\DEBUG\GAMEOBJECT.OBJ
C:\USERS\FLOODB\DESKTOP\WEEK 3\GAM1532 TEMPLATE GAME\SOURCE\WINDOWS\BUILD FILES\DEBUG\GZCLOSE.OBJ
C:\USERS\FLOODB\DESKTOP\WEEK 3\GAM1532 TEMPLATE GAME\SOURCE\WINDOWS\BUILD FILES\DEBUG\GZLIB.OBJ
C:\USERS\FLOODB\DESKTOP\WEEK 3\GAM1532 TEMPLATE GAME\SOURCE\WINDOWS\BUILD FILES\DEBUG\GZREAD.OBJ
C:\USERS\FLOODB\DESKTOP\WEEK 3\GAM1532 TEMPLATE GAME\SOURCE\WINDOWS\BUILD FILES\DEBUG\GZWRITE.OBJ
C:\USERS\FLOODB\DESKTOP\WEEK 3\GAM1532 TEMPLATE GAME\SOURCE\WINDOWS\BUILD FILES\DEBUG\INFBACK.OBJ
C:\USERS\FLOODB\DESKTOP\WEEK 3\GAM1532 TEMPLATE GAME\SOURCE\WINDOWS\BUILD FILES\DEBUG\INFFAST.OBJ
C:\USERS\FLOODB\DESKTOP\WEEK 3\GAM1532 TEMPLATE GAME\SOURCE\WINDOWS\BUILD FILES\DEBUG\INFLATE.OBJ
C:\USERS\FLOODB\DESKTOP\WEEK 3\GAM1532 TEMPLATE GAME\SOURCE\WINDOWS\BUILD FILES\DEBUG\INFTREES.OBJ
C:\USERS\FLOODB\DESKTOP\WEEK 3\GAM1532 TEMPLATE GAME\SOURCE\WINDOWS\BUILD FILES\DEBUG\INPUTCONSTANTS.OBJ
C:\USERS\FLOODB\DESKTOP\WEEK 3\GAM1532 TEMPLATE GAME\SOURCE\WINDOWS\BUILD FILES\DEBUG\INPUTLISTENER.OBJ
C:\USERS\FLOODB\DESKTOP\WEEK 3\GAM1532 TEMPLATE GAME\SOURCE\WINDOWS\BUILD FILES\DEBUG\INPUTMANAGER.OBJ
C:\USERS\FLOODB\DESKTOP\WEEK 3\GAM1532 TEMPLATE GAME\SOURCE\WINDOWS\BUILD FILES\DEBUG\LOGGER.OBJ
C:\USERS\FLOODB\DESKTOP\WEEK 3\GAM1532 TEMPLATE GAME\SOURCE\WINDOWS\BUILD FILES\DEBUG\MAIN.OBJ
C:\USERS\FLOODB\DESKTOP\WEEK 3\GAM1532 TEMPLATE GAME\SOURCE\WINDOWS\BUILD FILES\DEBUG\MATHUTILS.OBJ
C:\USERS\FLOODB\DESKTOP\WEEK 3\GAM1532 TEMPLATE GAME\SOURCE\WINDOWS\BUILD FILES\DEBUG\MENU.OBJ
C:\USERS\FLOODB\DESKTOP\WEEK 3\GAM1532 TEMPLATE GAME\SOURCE\WINDOWS\BUILD FILES\DEBUG\MENUCONSTANTS.OBJ
C:\USERS\FLOODB\DESKTOP\WEEK 3\GAM1532 TEMPLATE GAME\SOURCE\WINDOWS\BUILD FILES\DEBUG\OPENGLANIMATEDTEXTURE.OBJ
C:\USERS\FLOODB\DESKTOP\WEEK 3\GAM1532 TEMPLATE GAME\SOURCE\WINDOWS\BUILD FILES\DEBUG\OPENGLRENDERER.OBJ
C:\USERS\FLOODB\DESKTOP\WEEK 3\GAM1532 TEMPLATE GAME\SOURCE\WINDOWS\BUILD FILES\DEBUG\OPENGLTEXTURE.OBJ
C:\USERS\FLOODB\DESKTOP\WEEK 3\GAM1532 TEMPLATE GAME\SOURCE\WINDOWS\BUILD FILES\DEBUG\OPENGLTEXTURELOADER.OBJ
C:\USERS\FLOODB\DESKTOP\WEEK 3\GAM1532 TEMPLATE GAME\SOURCE\WINDOWS\BUILD FILES\DEBUG\OPENGLTEXTUREMANAGER.OBJ
C:\USERS\FLOODB\DESKTOP\WEEK 3\GAM1532 TEMPLATE GAME\SOURCE\WINDOWS\BUILD FILES\DEBUG\OPENGLWINDOW.OBJ
C:\USERS\FLOODB\DESKTOP\WEEK 3\GAM1532 TEMPLATE GAME\SOURCE\WINDOWS\BUILD FILES\DEBUG\PADDLE.OBJ
C:\USERS\FLOODB\DESKTOP\WEEK 3\GAM1532 TEMPLATE GAME\SOURCE\WINDOWS\BUILD FILES\DEBUG\PAUSEMENU.OBJ
C:\USERS\FLOODB\DESKTOP\WEEK 3\GAM1532 TEMPLATE GAME\SOURCE\WINDOWS\BUILD FILES\DEBUG\PNG.OBJ
C:\USERS\FLOODB\DESKTOP\WEEK 3\GAM1532 TEMPLATE GAME\SOURCE\WINDOWS\BUILD FILES\DEBUG\PNGERROR.OBJ
C:\USERS\FLOODB\DESKTOP\WEEK 3\GAM1532 TEMPLATE GAME\SOURCE\WINDOWS\BUILD FILES\DEBUG\PNGGET.OBJ
C:\USERS\FLOODB\DESKTOP\WEEK 3\GAM1532 TEMPLATE GAME\SOURCE\WINDOWS\BUILD FILES\DEBUG\PNGMEM.OBJ
C:\USERS\FLOODB\DESKTOP\WEEK 3\GAM1532 TEMPLATE GAME\SOURCE\WINDOWS\BUILD FILES\DEBUG\PNGPREAD.OBJ
C:\USERS\FLOODB\DESKTOP\WEEK 3\GAM1532 TEMPLATE GAME\SOURCE\WINDOWS\BUILD FILES\DEBUG\PNGREAD.OBJ
C:\USERS\FLOODB\DESKTOP\WEEK 3\GAM1532 TEMPLATE GAME\SOURCE\WINDOWS\BUILD FILES\DEBUG\PNGRIO.OBJ
C:\USERS\FLOODB\DESKTOP\WEEK 3\GAM1532 TEMPLATE GAME\SOURCE\WINDOWS\BUILD FILES\DEBUG\PNGRTRAN.OBJ
C:\USERS\FLOODB\DESKTOP\WEEK 3\GAM1532 TEMPLATE GAME\SOURCE\WINDOWS\BUILD FILES\DEBUG\PNGRUTIL.OBJ
C:\USERS\FLOODB\DESKTOP\WEEK 3\GAM1532 TEMPLATE GAME\SOURCE\WINDOWS\BUILD FILES\DEBUG\PNGSET.OBJ
C:\USERS\FLOODB\DESKTOP\WEEK 3\GAM1532 TEMPLATE GAME\SOURCE\WINDOWS\BUILD FILES\DEBUG\PNGTEST.OBJ
C:\USERS\FLOODB\DESKTOP\WEEK 3\GAM1532 TEMPLATE GAME\SOURCE\WINDOWS\BUILD FILES\DEBUG\PNGTRANS.OBJ
C:\USERS\FLOODB\DESKTOP\WEEK 3\GAM1532 TEMPLATE GAME\SOURCE\WINDOWS\BUILD FILES\DEBUG\PNGWIO.OBJ
C:\USERS\FLOODB\DESKTOP\WEEK 3\GAM1532 TEMPLATE GAME\SOURCE\WINDOWS\BUILD FILES\DEBUG\PNGWRITE.OBJ
C:\USERS\FLOODB\DESKTOP\WEEK 3\GAM1532 TEMPLATE GAME\SOURCE\WINDOWS\BUILD FILES\DEBUG\PNGWTRAN.OBJ
C:\USERS\FLOODB\DESKTOP\WEEK 3\GAM1532 TEMPLATE GAME\SOURCE\WINDOWS\BUILD FILES\DEBUG\PNGWUTIL.OBJ
C:\USERS\FLOODB\DESKTOP\WEEK 3\GAM1532 TEMPLATE GAME\SOURCE\WINDOWS\BUILD FILES\DEBUG\RESOURCECONSTANTS.OBJ
C:\USERS\FLOODB\DESKTOP\WEEK 3\GAM1532 TEMPLATE GAME\SOURCE\WINDOWS\BUILD FILES\DEBUG\RESOURCEUTILS.OBJ
C:\USERS\FLOODB\DESKTOP\WEEK 3\GAM1532 TEMPLATE GAME\SOURCE\WINDOWS\BUILD FILES\DEBUG\SCREEN.OBJ
C:\USERS\FLOODB\DESKTOP\WEEK 3\GAM1532 TEMPLATE GAME\SOURCE\WINDOWS\BUILD FILES\DEBUG\SCREENMANAGER.OBJ
C:\USERS\FLOODB\DESKTOP\WEEK 3\GAM1532 TEMPLATE GAME\SOURCE\WINDOWS\BUILD FILES\DEBUG\TREES.OBJ
C:\USERS\FLOODB\DESKTOP\WEEK 3\GAM1532 TEMPLATE GAME\SOURCE\WINDOWS\BUILD FILES\DEBUG\UNCOMPR.OBJ
C:\USERS\FLOODB\DESKTOP\WEEK 3\GAM1532 TEMPLATE GAME\SOURCE\WINDOWS\BUILD FILES\DEBUG\VC100.PDB
C:\USERS\FLOODB\DESKTOP\WEEK 3\GAM1532 TEMPLATE GAME\SOURCE\WINDOWS\BUILD FILES\DEBUG\WIN32CONSTANTS.OBJ
C:\USERS\FLOODB\DESKTOP\WEEK 3\GAM1532 TEMPLATE GAME\SOURCE\WINDOWS\BUILD FILES\DEBUG\WIN32GAME.OBJ
C:\USERS\FLOODB\DESKTOP\WEEK 3\GAM1532 TEMPLATE GAME\SOURCE\WINDOWS\BUILD FILES\DEBUG\ZUTIL.OBJ
H:\School\Winter 2013\Game Development 4\GAM1532 Template Game\Source\Windows\\Application\GAM-1532 Windows Game.exe
H:\School\Winter 2013\Game Development 4\GAM1532 Template Game\Source\Windows\\Application\GAM-1532 Windows Game.ilk
H:\School\Winter 2013\Game Development 4\GAM1532 Template Game\Source\Windows\\Application\GAM-1532 Windows Game.pdb
H:\School\Winter 2013\Game Development 4\GAM1532 Template Game\Source\Windows\Build Files\Debug\adler32.obj
H:\School\Winter 2013\Game Development 4\GAM1532 Template Game\Source\Windows\Build Files\Debug\Ball.obj
H:\School\Winter 2013\Game Development 4\GAM1532 Template Game\Source\Windows\Build Files\Debug\cl.command.1.tlog
H:\School\Winter 2013\Game Development 4\GAM1532 Template Game\Source\Windows\Build Files\Debug\CL.read.1.tlog
H:\School\Winter 2013\Game Development 4\GAM1532 Template Game\Source\Windows\Build Files\Debug\CL.write.1.tlog
H:\School\Winter 2013\Game Development 4\GAM1532 Template Game\Source\Windows\Build Files\Debug\compress.obj
H:\School\Winter 2013\Game Development 4\GAM1532 Template Game\Source\Windows\Build Files\Debug\crc32.obj
H:\School\Winter 2013\Game Development 4\GAM1532 Template Game\Source\Windows\Build Files\Debug\deflate.obj
H:\School\Winter 2013\Game Development 4\GAM1532 Template Game\Source\Windows\Build Files\Debug\GAM-1532 Windows Game.exe.embed.manifest
H:\School\Winter 2013\Game Development 4\GAM1532 Template Game\Source\Windows\Build Files\Debug\GAM-1532 Windows Game.exe.embed.manifest.res
H:\School\Winter 2013\Game Development 4\GAM1532 Template Game\Source\Windows\Build Files\Debug\GAM-1532 Windows Game.exe.intermediate.manifest
H:\School\Winter 2013\Game Development 4\GAM1532 Template Game\Source\Windows\Build Files\Debug\GAM-1532 Windows Game_manifest.rc
H:\School\Winter 2013\Game Development 4\GAM1532 Template Game\Source\Windows\Build Files\Debug\Game.obj
H:\School\Winter 2013\Game Development 4\GAM1532 Template Game\Source\Windows\Build Files\Debug\GameConstants.obj
H:\School\Winter 2013\Game Development 4\GAM1532 Template Game\Source\Windows\Build Files\Debug\GameObject.obj
H:\School\Winter 2013\Game Development 4\GAM1532 Template Game\Source\Windows\Build Files\Debug\gzclose.obj
H:\School\Winter 2013\Game Development 4\GAM1532 Template Game\Source\Windows\Build Files\Debug\gzlib.obj
H:\School\Winter 2013\Game Development 4\GAM1532 Template Game\Source\Windows\Build Files\Debug\gzread.obj
H:\School\Winter 2013\Game Development 4\GAM1532 Template Game\Source\Windows\Build Files\Debug\gzwrite.obj
H:\School\Winter 2013\Game Development 4\GAM1532 Template Game\Source\Windows\Build Files\Debug\infback.obj
H:\School\Winter 2013\Game Development 4\GAM1532 Template Game\Source\Windows\Build Files\Debug\inffast.obj
H:\School\Winter 2013\Game Development 4\GAM1532 Template Game\Source\Windows\Build Files\Debug\inflate.obj
H:\School\Winter 2013\Game Development 4\GAM1532 Template Game\Source\Windows\Build Files\Debug\inftrees.obj
H:\School\Winter 2013\Game Development 4\GAM1532 Template Game\Source\Windows\Build Files\Debug\InputConstants.obj
H:\School\Winter 2013\Game Development 4\GAM1532 Template Game\Source\Windows\Build Files\Debug\InputListener.obj
H:\School\Winter 2013\Game Development 4\GAM1532 Template Game\Source\Windows\Build Files\Debug\InputManager.obj
H:\School\Winter 2013\Game Development 4\GAM1532 Template Game\Source\Windows\Build Files\Debug\link.1680.read.1.tlog
H:\School\Winter 2013\Game Development 4\GAM1532 Template Game\Source\Windows\Build Files\Debug\link.1680.write.1.tlog
H:\School\Winter 2013\Game Development 4\GAM1532 Template Game\Source\Windows\Build Files\Debug\link.1680-cvtres.read.1.tlog
H:\School\Winter 2013\Game Development 4\GAM1532 Template Game\Source\Windows\Build Files\Debug\link.1680-cvtres.write.1.tlog
H:\School\Winter 2013\Game Development 4\GAM1532 Template Game\Source\Windows\Build Files\Debug\link.2596.read.1.tlog
H:\School\Winter 2013\Game Development 4\GAM1532 Template Game\Source\Windows\Build Files\Debug\link.2596.write.1.tlog
H:\School\Winter 2013\Game Development 4\GAM1532 Template Game\Source\Windows\Build Files\Debug\link.2596-cvtres.read.1.tlog
H:\School\Winter 2013\Game Development 4\GAM1532 Template Game\Source\Windows\Build Files\Debug\link.2596-cvtres.write.1.tlog
H:\School\Winter 2013\Game Development 4\GAM1532 Template Game\Source\Windows\Build Files\Debug\link.2784.read.1.tlog
H:\School\Winter 2013\Game Development 4\GAM1532 Template Game\Source\Windows\Build Files\Debug\link.2784.write.1.tlog
H:\School\Winter 2013\Game Development 4\GAM1532 Template Game\Source\Windows\Build Files\Debug\link.2784-cvtres.read.1.tlog
H:\School\Winter 2013\Game Development 4\GAM1532 Template Game\Source\Windows\Build Files\Debug\link.2784-cvtres.write.1.tlog
H:\School\Winter 2013\Game Development 4\GAM1532 Template Game\Source\Windows\Build Files\Debug\link.3040.read.1.tlog
H:\School\Winter 2013\Game Development 4\GAM1532 Template Game\Source\Windows\Build Files\Debug\link.3040.write.1.tlog
H:\School\Winter 2013\Game Development 4\GAM1532 Template Game\Source\Windows\Build Files\Debug\link.3040-cvtres.read.1.tlog
H:\School\Winter 2013\Game Development 4\GAM1532 Template Game\Source\Windows\Build Files\Debug\link.3040-cvtres.write.1.tlog
H:\School\Winter 2013\Game Development 4\GAM1532 Template Game\Source\Windows\Build Files\Debug\link.3596.read.1.tlog
H:\School\Winter 2013\Game Development 4\GAM1532 Template Game\Source\Windows\Build Files\Debug\link.3596.write.1.tlog
H:\School\Winter 2013\Game Development 4\GAM1532 Template Game\Source\Windows\Build Files\Debug\link.3596-cvtres.read.1.tlog
H:\School\Winter 2013\Game Development 4\GAM1532 Template Game\Source\Windows\Build Files\Debug\link.3596-cvtres.write.1.tlog
H:\School\Winter 2013\Game Development 4\GAM1532 Template Game\Source\Windows\Build Files\Debug\link.3692.read.1.tlog
H:\School\Winter 2013\Game Development 4\GAM1532 Template Game\Source\Windows\Build Files\Debug\link.3692.write.1.tlog
H:\School\Winter 2013\Game Development 4\GAM1532 Template Game\Source\Windows\Build Files\Debug\link.3692-cvtres.read.1.tlog
H:\School\Winter 2013\Game Development 4\GAM1532 Template Game\Source\Windows\Build Files\Debug\link.3692-cvtres.write.1.tlog
H:\School\Winter 2013\Game Development 4\GAM1532 Template Game\Source\Windows\Build Files\Debug\link.3760.read.1.tlog
H:\School\Winter 2013\Game Development 4\GAM1532 Template Game\Source\Windows\Build Files\Debug\link.3760.write.1.tlog
H:\School\Winter 2013\Game Development 4\GAM1532 Template Game\Source\Windows\Build Files\Debug\link.3760-cvtres.read.1.tlog
H:\School\Winter 2013\Game Development 4\GAM1532 Template Game\Source\Windows\Build Files\Debug\link.3760-cvtres.write.1.tlog
H:\School\Winter 2013\Game Development 4\GAM1532 Template Game\Source\Windows\Build Files\Debug\link.4044.read.1.tlog
H:\School\Winter 2013\Game Development 4\GAM1532 Template Game\Source\Windows\Build Files\Debug\link.4044.write.1.tlog
H:\School\Winter 2013\Game Development 4\GAM1532 Template Game\Source\Windows\Build Files\Debug\link.4044-cvtres.read.1.tlog
H:\School\Winter 2013\Game Development 4\GAM1532 Template Game\Source\Windows\Build Files\Debug\link.4044-cvtres.write.1.tlog
H:\School\Winter 2013\Game Development 4\GAM1532 Template Game\Source\Windows\Build Files\Debug\link.command.1.tlog
H:\School\Winter 2013\Game Development 4\GAM1532 Template Game\Source\Windows\Build Files\Debug\link.read.1.tlog
H:\School\Winter 2013\Game Development 4\GAM1532 Template Game\Source\Windows\Build Files\Debug\link.write.1.tlog
H:\School\Winter 2013\Game Development 4\GAM1532 Template Game\Source\Windows\Build Files\Debug\link-cvtres.read.1.tlog
H:\School\Winter 2013\Game Development 4\GAM1532 Template Game\Source\Windows\Build Files\Debug\link-cvtres.write.1.tlog
H:\School\Winter 2013\Game Development 4\GAM1532 Template Game\Source\Windows\Build Files\Debug\Logger.obj
H:\School\Winter 2013\Game Development 4\GAM1532 Template Game\Source\Windows\Build Files\Debug\Main.obj
H:\School\Winter 2013\Game Development 4\GAM1532 Template Game\Source\Windows\Build Files\Debug\MathUtils.obj
H:\School\Winter 2013\Game Development 4\GAM1532 Template Game\Source\Windows\Build Files\Debug\Menu.obj
H:\School\Winter 2013\Game Development 4\GAM1532 Template Game\Source\Windows\Build Files\Debug\MenuConstants.obj
H:\School\Winter 2013\Game Development 4\GAM1532 Template Game\Source\Windows\Build Files\Debug\mt.command.1.tlog
H:\School\Winter 2013\Game Development 4\GAM1532 Template Game\Source\Windows\Build Files\Debug\mt.read.1.tlog
H:\School\Winter 2013\Game Development 4\GAM1532 Template Game\Source\Windows\Build Files\Debug\mt.write.1.tlog
H:\School\Winter 2013\Game Development 4\GAM1532 Template Game\Source\Windows\Build Files\Debug\OpenGLAnimatedTexture.obj
H:\School\Winter 2013\Game Development 4\GAM1532 Template Game\Source\Windows\Build Files\Debug\OpenGLRenderer.obj
H:\School\Winter 2013\Game Development 4\GAM1532 Template Game\Source\Windows\Build Files\Debug\OpenGLTexture.obj
H:\School\Winter 2013\Game Development 4\GAM1532 Template Game\Source\Windows\Build Files\Debug\OpenGLTextureLoader.obj
H:\School\Winter 2013\Game Development 4\GAM1532 Template Game\Source\Windows\Build Files\Debug\OpenGLTextureManager.obj
H:\School\Winter 2013\Game Development 4\GAM1532 Template Game\Source\Windows\Build Files\Debug\OpenGLWindow.obj
H:\School\Winter 2013\Game Development 4\GAM1532 Template Game\Source\Windows\Build Files\Debug\Paddle.obj
H:\School\Winter 2013\Game Development 4\GAM1532 Template Game\Source\Windows\Build Files\Debug\PauseMenu.obj
H:\School\Winter 2013\Game Development 4\GAM1532 Template Game\Source\Windows\Build Files\Debug\png.obj
H:\School\Winter 2013\Game Development 4\GAM1532 Template Game\Source\Windows\Build Files\Debug\pngerror.obj
H:\School\Winter 2013\Game Development 4\GAM1532 Template Game\Source\Windows\Build Files\Debug\pngget.obj
H:\School\Winter 2013\Game Development 4\GAM1532 Template Game\Source\Windows\Build Files\Debug\pngmem.obj
H:\School\Winter 2013\Game Development 4\GAM1532 Template Game\Source\Windows\Build Files\Debug\pngpread.obj
H:\School\Winter 2013\Game Development 4\GAM1532 Template Game\Source\Windows\Build Files\Debug\pngread.obj
H:\School\Winter 2013\Game Development 4\GAM1532 Template Game\Source\Windows\Build Files\Debug\pngrio.obj
H:\School\Winter 2013\Game Development 4\GAM1532 Template Game\Source\Windows\Build Files\Debug\pngrtran.obj
H:\School\Winter 2013\Game Development 4\GAM1532 Template Game\Source\Windows\Build Files\Debug\pngrutil.obj
H:\School\Winter 2013\Game Development 4\GAM1532 Template Game\Source\Windows\Build Files\Debug\pngset.obj
H:\School\Winter 2013\Game Development 4\GAM1532 Template Game\Source\Windows\Build Files\Debug\pngtest.obj
H:\School\Winter 2013\Game Development 4\GAM1532 Template Game\Source\Windows\Build Files\Debug\pngtrans.obj
H:\School\Winter 2013\Game Development 4\GAM1532 Template Game\Source\Windows\Build Files\Debug\pngwio.obj
H:\School\Winter 2013\Game Development 4\GAM1532 Template Game\Source\Windows\Build Files\Debug\pngwrite.obj
H:\School\Winter 2013\Game Development 4\GAM1532 Template Game\Source\Windows\Build Files\Debug\pngwtran.obj
H:\School\Winter 2013\Game Development 4\GAM1532 Template Game\Source\Windows\Build Files\Debug\pngwutil.obj
H:\School\Winter 2013\Game Development 4\GAM1532 Template Game\Source\Windows\Build Files\Debug\rc.command.1.tlog
H:\School\Winter 2013\Game Development 4\GAM1532 Template Game\Source\Windows\Build Files\Debug\rc.read.1.tlog
H:\School\Winter 2013\Game Development 4\GAM1532 Template Game\Source\Windows\Build Files\Debug\rc.write.1.tlog
H:\School\Winter 2013\Game Development 4\GAM1532 Template Game\Source\Windows\Build Files\Debug\ResourceConstants.obj
H:\School\Winter 2013\Game Development 4\GAM1532 Template Game\Source\Windows\Build Files\Debug\ResourceUtils.obj
H:\School\Winter 2013\Game Development 4\GAM1532 Template Game\Source\Windows\Build Files\Debug\Screen.obj
H:\School\Winter 2013\Game Development 4\GAM1532 Template Game\Source\Windows\Build Files\Debug\ScreenManager.obj
H:\School\Winter 2013\Game Development 4\GAM1532 Template Game\Source\Windows\Build Files\Debug\trees.obj
H:\School\Winter 2013\Game Development 4\GAM1532 Template Game\Source\Windows\Build Files\Debug\uncompr.obj
H:\School\Winter 2013\Game Development 4\GAM1532 Template Game\Source\Windows\Build Files\Debug\vc100.idb
H:\School\Winter 2013\Game Development 4\GAM1532 Template Game\Source\Windows\Build Files\Debug\vc100.pdb
H:\School\Winter 2013\Game Development 4\GAM1532 Template Game\Source\Windows\Build Files\Debug\Win32Constants.obj
H:\School\Winter 2013\Game Development 4\GAM1532 Template Game\Source\Windows\Build Files\Debug\Win32Game.obj
H:\School\Winter 2013\Game Development 4\GAM1532 Template Game\Source\Windows\Build Files\Debug\zutil.obj
